
 Working directory              : /var/folders/2v/xbgp75_9785319ghcgb4zr4r0000gp/T//molpro.dD4AtCDPV0/
 Global scratch directory       : /var/folders/2v/xbgp75_9785319ghcgb4zr4r0000gp/T//molpro.dD4AtCDPV0/
 Wavefunction directory         : /Users/sacpjk/wfu/
 Main file repository           : /var/folders/2v/xbgp75_9785319ghcgb4zr4r0000gp/T//molpro.dD4AtCDPV0/

 id        : peterk

 Nodes                        nprocs
 Cardiff-University-G34YLXT77Y    1
 GA implementation: MPI file
 GA implementation (serial work in mppx): MPI file

 Using customized tuning parameters: mindgm=1; mindgv=20; mindgc=4; mindgr=1; noblas=0; minvec=7
 default implementation of scratch files=df  


 Variables initialized (1032), CPU time= 0.00 sec
 
 symmetry,nosym
 
 
 geometry={
 4
  c         -0.605924767924    0.000084251844    0.000000000000
  h         -1.667930249380    0.006003662360    0.000000000000
  c          0.605914369856   -0.003142989793    0.000000000000
  h          1.667940647448   -0.002944924358    0.000000000000
 }
 basis=aug-cc-pVTZ
 
 
 
 hf
 
 
 
 {put,xml;noorbitals,nobasis}
 Commands initialized (841), CPU time= 0.01 sec, 704 directives.
 Default parameters read. Elapsed time= 0.11 sec

 Checking input...
 Passed
1


                                         ***  PROGRAM SYSTEM MOLPRO  ***
                                       Copyright, TTI GmbH Stuttgart, 2015
                                    Version 2023.1 linked Tue Jun  6 09:54:11 2023


 **********************************************************************************************************************************
 LABEL *                                                                                                                                                                 
  64 bit serial version                                                                  DATE: 08-Jun-23          TIME: 23:27:07  
 **********************************************************************************************************************************

 SHA1:             8ebb0dd001088a5c915591db1a321413035db0b1
 **********************************************************************************************************************************

 Memory per process:       805 MW
 Total memory per node:   1074 MW
 Total GA space:           268 MW

 GA preallocation disabled
 GA check enabled

 Variable memory set to 805.3 MW

 ZSYMEL=NOSYM


 Geometry recognized as XYZ

 SETTING BASIS          =    AUG-CC-PVTZ


 Recomputing integrals since basis changed


 Using spherical harmonics

 Library entry C      S aug-cc-pVTZ          selected for orbital group  1
 Library entry C      P aug-cc-pVTZ          selected for orbital group  1
 Library entry C      D aug-cc-pVTZ          selected for orbital group  1
 Library entry C      F aug-cc-pVTZ          selected for orbital group  1
 Library entry H      S aug-cc-pVTZ          selected for orbital group  2
 Library entry H      P aug-cc-pVTZ          selected for orbital group  2
 Library entry H      D aug-cc-pVTZ          selected for orbital group  2


 PROGRAM * SEWARD (Integral evaluation for generally contracted gaussian basis sets)     Author: Roland Lindh, 1990

 Geometry written to block  1 of record 700


 Point group  C1  



 ATOMIC COORDINATES

 NR  ATOM    CHARGE       X              Y              Z

   1  C       6.00   -1.145031864    0.000159213    0.000000000
   2  H       1.00   -3.151931366    0.011345278    0.000000000
   3  C       6.00    1.145012214   -0.005939390    0.000000000
   4  H       1.00    3.151951016   -0.005565100    0.000000000

 Bond lengths in Bohr (Angstrom)

 1-2  2.006930677  1-3  2.290052198  3-4  2.006938837
     ( 1.062021978)     ( 1.211843435)     ( 1.062026296)

 Bond angles

  1-3-4  179.83673078   2-1-3  179.83323155

 NUCLEAR CHARGE:                   14
 NUMBER OF PRIMITIVE AOS:         188
 NUMBER OF SYMMETRY AOS:          166
 NUMBER OF CONTRACTIONS:          138   (  138A   )
 NUMBER OF INNER CORE ORBITALS:     0   (    0A   )
 NUMBER OF OUTER CORE ORBITALS:     2   (    2A   )
 NUMBER OF VALENCE ORBITALS:       10   (   10A   )


 NUCLEAR REPULSION ENERGY   24.65072253

 EXTRA SYMMETRY OF AOS IN SYMMETRY 1:   1 1 1 1 1 1 1 2 1 1   2 1 1 2 1 1 2 1 1 2   1 2 1 1 2 1 2 1 1 2   1 2 1 1 2 1 2 1 2 1
                                        1 2 1 2 1 2 1 1 1 1   1 1 2 1 1 2 1 1 2 1   1 2 1 2 1 1 2 1 2 1   1 1 1 1 1 1 2 1 1 2
                                        1 1 2 1 1 2 1 1 2 1   2 1 1 2 1 2 1 1 2 1   2 1 1 2 1 2 1 2 1 1   2 1 2 1 2 1 1 1 1 1
                                        1 2 1 1 2 1 1 2 1 1   2 1 2 1 1 2 1 2

 Eigenvalues of metric

         1 0.866E-05 0.140E-04 0.740E-04 0.122E-03 0.323E-03 0.365E-03 0.365E-03 0.610E-03


 Contracted 2-electron integrals neglected if value below      1.0D-12
 AO integral compression algorithm  1   Integral accuracy      1.0D-12

     148.636 MB (compressed) written to integral file ( 32.4%)


 NUMBER OF SORTED TWO-ELECTRON INTEGRALS:   45998436.     BUFFER LENGTH:  32768
 NUMBER OF SEGMENTS:   3  SEGMENT LENGTH:   15998004      RECORD LENGTH: 524288

 Memory used in sort:      16.56 MW

 SORT1 READ    57346098. AND WROTE    22675885. INTEGRALS IN     66 RECORDS. CPU TIME:     0.31 SEC, REAL TIME:     0.39 SEC
 SORT2 READ    22675885. AND WROTE    45998436. INTEGRALS IN    567 RECORDS. CPU TIME:     0.33 SEC, REAL TIME:     0.41 SEC

 FILE SIZES:   FILE 1:   179.4 MBYTE,  FILE 4:   276.9 MBYTE,   TOTAL:    456.3 MBYTE

 OPERATOR DM      FOR CENTER  0  COORDINATES:    0.000000    0.000000    0.000000


 **********************************************************************************************************************************
 DATASETS  * FILE   NREC   LENGTH (MB)   RECORD NAMES
              1      19      142.36       500      610      700      900      950      970     1000      129      960     1100   
                                          VAR    BASINP    GEOM    SYMINP    ZMAT    AOBASIS   BASIS     P2S    ABASIS      S 
                                         1400     1410     1200     1210     1080     1600     1650     1300     1700   
                                           T        V       H0       H01     AOSYM     SMH    MOLCAS    ERIS     OPER   

 PROGRAMS   *        TOTAL       INT
 CPU TIMES  *         1.85      1.76
 REAL TIME  *         3.65 SEC
 DISK USED  *       435.54 MB
 **********************************************************************************************************************************


 Program * Restricted Hartree-Fock

 Orbital guess generated from atomic densities. Full valence occupancy:   12

 Initial occupancy:   7

 NELEC=   14   SYM=1   MS2= 0   THRE=1.0D-08   THRD=3.2D-06   THRG=3.2D-06  HFMA2=F  DIIS_START=2   DIIS_MAX=10   DIIS_INCORE=F

 Level shifts:    0.00 (CLOSED)    0.00 (OPEN)    0.30 (GAP_MIN)

 ITER           ETOT              DE          GRAD        DDIFF     DIIS  NEXP   TIME(IT)  TIME(TOT)  DIAG
   1      -76.83417091     -76.83417091     0.00D+00     0.55D-01     0     0       0.24      0.43    start
   2      -76.84773956      -0.01356864     0.38D-02     0.78D-02     1     0       0.23      0.66    diag
   3      -76.84900277      -0.00126322     0.12D-02     0.13D-02     2     0       0.23      0.89    diag
   4      -76.84913096      -0.00012818     0.25D-03     0.55D-03     3     0       0.22      1.11    diag
   5      -76.84913664      -0.00000568     0.53D-04     0.10D-03     4     0       0.23      1.34    diag
   6      -76.84913685      -0.00000021     0.92D-05     0.18D-04     5     0       0.20      1.54    diag
   7      -76.84913685      -0.00000000     0.12D-05     0.30D-05     6     0       0.20      1.74    diag
   8      -76.84913685      -0.00000000     0.16D-06     0.28D-06     0     0       0.20      1.94    fixocc

 Final occupancy:   7

 !RHF STATE 1.1 Energy                -76.849136851167
  RHF One-electron energy            -151.424432031439
  RHF Two-electron energy              49.924572646295
  RHF Kinetic energy                   76.636865951239
  RHF Nuclear energy                   24.650722533977
  RHF Virial quotient                  -1.002769827514

 !RHF STATE 1.1 Dipole moment           0.00000788     0.00272014    -0.00000000
 Dipole moment /Debye                   0.00002004     0.00691391    -0.00000000

 Orbital energies:

           1.1          2.1          3.1          4.1          5.1          6.1          7.1          8.1          9.1
    -11.246867   -11.243259    -1.028278    -0.769400    -0.681541    -0.409149    -0.409149     0.030974     0.032587


 HOMO      7.1    -0.409149 =     -11.1335eV
 LUMO      8.1     0.030974 =       0.8428eV
 LUMO-HOMO         0.440123 =      11.9764eV

 Orbitals saved in record  2100.2


 **********************************************************************************************************************************
 DATASETS  * FILE   NREC   LENGTH (MB)   RECORD NAMES
              1      19      142.36       500      610      700      900      950      970     1000      129      960     1100   
                                          VAR    BASINP    GEOM    SYMINP    ZMAT    AOBASIS   BASIS     P2S    ABASIS      S 
                                         1400     1410     1200     1210     1080     1600     1650     1300     1700   
                                           T        V       H0       H01     AOSYM     SMH    MOLCAS    ERIS     OPER   

              2       4        0.74       700     1000      520     2100   
                                         GEOM     BASIS   MCVARS     RHF  

 PROGRAMS   *        TOTAL    HF-SCF       INT
 CPU TIMES  *         3.79      1.94      1.76
 REAL TIME  *         6.41 SEC
 DISK USED  *       435.54 MB
 **********************************************************************************************************************************

 Dump information in style XML to xml output                                                                      

 Orbitals will not be exported.

 **********************************************************************************************************************************

 HF/aug-cc-pVTZ energy=    -76.849136851167

          HF-SCF
    -76.84913685
 **********************************************************************************************************************************
 Molpro calculation terminated
