Project scw1147
Currently Loaded Modulefiles:
  1) null          2) system/auto   3) mkl/2020/4
cd /scratch/c.sacpjk/sjef-project/9137718608548614453
Sat Jun 10 13:08:57 BST 2023
ccs1025
PATH=/home/scwc0005//software/molden:/home/scwc0005//software/bagel/gcc/bin:/home/scwc0005//software/molpro/release/bin:.:./bin:/home/c.sacpjk/bin:/home/c.sacpjk/global/bin:/usr/lib64/qt-3.3/bin:/usr/local/bin:/usr/bin:/opt/slurm/22.05.8-1/el7/bin:/opt/slurm/22.05.8-1/el7/sbin:/usr/local/sbin:/usr/sbin:/opt/slurm/22.05.8-1/el7/bin:/opt/slurm/22.05.8-1/el7/sbin::/home/scwc0005//software/molden:/home/scwc0005//software/bagel/gcc/bin:/home/scwc0005//software/molpro/release/bin:.:./bin:/home/c.sacpjk/bin:/home/c.sacpjk/global/bin:/usr/lib64/qt-3.3/bin:/usr/local/bin:/usr/bin:/opt/slurm/22.05.8-1/el7/bin:/opt/slurm/22.05.8-1/el7/sbin:/usr/local/sbin:/usr/sbin:/opt/slurm/22.05.8-1/el7/bin:/opt/slurm/22.05.8-1/el7/sbin
progpath=
/home/scwc0005/software/molpro/master/bin/molpro
/home/scwc0005/software/molpro/master/bin/molpro -m 518m -n 1 -d /scratch/c.sacpjk/SLURM.57615932 1.inp
reading /home/c.sacpjk/.molprorc
reading molpro.rc
 nodelist=1
 first   =1
 second  =1
 third   =
 HOSTFILE_FORMAT: $hostname

ccs1025

 export AIXTHREAD_SCOPE='s'
 export MOLPRO_PREFIX='/home/scwc0005/software/molpro/master/molpro_2023.1'
 export MP_NODES='0'
 export MP_PROCS='1'
        MP_TASKS_PER_NODE=''
 export MOLPRO_NOARG='1'
 export MOLPRO_OPTIONS=' -m 518m -d /scratch/c.sacpjk/SLURM.57615932 1.inp -d /scratch/c.sacpjk/SLURM.57615932/molpro.en99hct5qW -v'
        MOLPRO_OPTIONS_FILE=''
 export MPI_MAX_CLUSTER_SIZE='1'
        MV2_ENABLE_AFFINITY=''
 export RT_GRQ='ON'
 export TMPDIR='/tmp'
 export XLSMPOPTS='parthds=1'
        DYLD_LIBRARY_PATH=''
        LIBRARY_PATH=''
 export LD_LIBRARY_PATH='/apps/compilers/intel/2020.4/compilers_and_libraries/linux/mkl/lib/intel64:/apps/compilers/intel/2018.2/compilers_and_libraries_2018/linux/mpi/intel64/lib:/apps/compilers/gnu/12.1.0/lib64:/apps/compilers/gnu/12.1.0/lib:/apps/compilers/intel/2020.4/compilers_and_libraries/linux/lib/intel64_lin:/apps/compilers/intel/2020.4/compilers_and_libraries/linux/ipp/lib/intel64_lin:/apps/compilers/intel/2020.4/compilers_and_libraries/linux/tbb/lib/intel64_lin:/apps/compilers/intel/2020.4/compilers_and_libraries/linux/mkl/lib/intel64:/opt/slurm/22.05.8-1/el7/lib:/opt/slurm/22.05.8-1/el7/lib'
 export OMP_THREAD_LIMIT='1'
/apps/compilers/intel/2018.2/compilers_and_libraries_2018/linux/mpi/intel64/bin/mpiexec.hydra -machinefile /tmp/procgrp.73716 -np 1 /home/scwc0005/software/molpro/master/molpro_2023.1/bin/molpro.exe  -m 518m -d /scratch/c.sacpjk/SLURM.57615932 1.inp -d /scratch/c.sacpjk/SLURM.57615932/molpro.en99hct5qW -v
 token read from /home/c.sacpjk/.molpro/token
 output to 1.out
 XML stream to /scratch/c.sacpjk/sjef-project/9137718608548614453/1.xml

real	2m21.065s
user	0m0.207s
sys	0m0.164s
total 0
SLURM_NODELIST=ccs1025
SCWSCHEDULER=slurm
MKLROOT=/apps/compilers/intel/2020.4/compilers_and_libraries/linux/mkl
SLURM_JOB_NAME=1
MANPATH=:/opt/slurm/22.05.8-1/el7/share/man:/opt/slurm/22.05.8-1/el7/share/man
LDFLAGS=-L/apps/compilers/intel/2020.4/compilers_and_libraries/linux/mkl/lib/intel64 -L/apps/compilers/intel/2020.4/compilers_and_libraries/linux/tbb/lib/intel64_lin -L/apps/compilers/intel/2020.4/compilers_and_libraries/linux/ipp/lib/intel64_lin -L/apps/compilers/intel/2020.4/compilers_and_libraries/linux/lib/intel64_lin
XDG_SESSION_ID=482626
SLURMD_NODENAME=ccs1025
SLURM_TOPOLOGY_ADDR=root_virt.cisw13.ccs1025
SLURM_NTASKS_PER_NODE=1
HOSTNAME=ccs1025
SLURM_PRIO_PROCESS=0
SELINUX_ROLE_REQUESTED=
SLURM_NODE_ALIASES=(null)
SCWOFED=OFED50
SHELL=/bin/bash
SLURM_JOB_QOS=normal
HISTSIZE=1000
PROJECT=scw1147
TMPDIR=/tmp
SLURM_TOPOLOGY_ADDR_PATTERN=switch.switch.node
SSH_CLIENT=51.6.160.252 62559 22
SELINUX_USE_CURRENT_RANGE=
SCWCOMPILER=system
FPATH=/apps/compilers/intel/2020.4/compilers_and_libraries/linux/ipp/include:/apps/compilers/intel/2020.4/compilers_and_libraries/linux/tbb/include:/apps/compilers/intel/2020.4/compilers_and_libraries/linux/mkl/include
OLDPWD=/scratch/c.sacpjk/sjef-project/9137718608548614453
QTDIR=/usr/lib64/qt-3.3
QTINC=/usr/lib64/qt-3.3/include
LC_ALL=en_US.UTF-8
SLURM_MEM_PER_CPU=4144
QT_GRAPHICSSYSTEM_CHECKED=1
SLURM_NNODES=1
USER=c.sacpjk
MOLPRO_OPTIONS=
LD_LIBRARY_PATH=/apps/compilers/intel/2020.4/compilers_and_libraries/linux/lib/intel64_lin:/apps/compilers/intel/2020.4/compilers_and_libraries/linux/ipp/lib/intel64_lin:/apps/compilers/intel/2020.4/compilers_and_libraries/linux/tbb/lib/intel64_lin:/apps/compilers/intel/2020.4/compilers_and_libraries/linux/mkl/lib/intel64:/opt/slurm/22.05.8-1/el7/lib:/opt/slurm/22.05.8-1/el7/lib
SLURM_JOBID=57615932
SSH_AUTH_SOCK=/tmp/ssh-Kfkv5rZjHO/agent.2487
CPATH=/apps/compilers/intel/2020.4/compilers_and_libraries/linux/ipp/include:/apps/compilers/intel/2020.4/compilers_and_libraries/linux/tbb/include:/apps/compilers/intel/2020.4/compilers_and_libraries/linux/mkl/include:/opt/slurm/22.05.8-1/el7/include/slurm:/opt/slurm/22.05.8-1/el7/include/slurm
SLURM_NTASKS=1
SCRATCHDIR=/scratch/c.sacpjk/SLURM.57615932
NLSPATH=/apps/compilers/intel/2020.4/compilers_and_libraries/linux/mkl/lib/intel64/locale/%l_%t/%N
SLURM_TASKS_PER_NODE=1
PATH=/home/scwc0005//software/molden:/home/scwc0005//software/bagel/gcc/bin:/home/scwc0005//software/molpro/release/bin:.:./bin:/home/c.sacpjk/bin:/home/c.sacpjk/global/bin:/usr/lib64/qt-3.3/bin:/usr/local/bin:/usr/bin:/opt/slurm/22.05.8-1/el7/bin:/opt/slurm/22.05.8-1/el7/sbin:/usr/local/sbin:/usr/sbin:/opt/slurm/22.05.8-1/el7/bin:/opt/slurm/22.05.8-1/el7/sbin::/home/scwc0005//software/molden:/home/scwc0005//software/bagel/gcc/bin:/home/scwc0005//software/molpro/release/bin:.:./bin:/home/c.sacpjk/bin:/home/c.sacpjk/global/bin:/usr/lib64/qt-3.3/bin:/usr/local/bin:/usr/bin:/opt/slurm/22.05.8-1/el7/bin:/opt/slurm/22.05.8-1/el7/sbin:/usr/local/sbin:/usr/sbin:/opt/slurm/22.05.8-1/el7/bin:/opt/slurm/22.05.8-1/el7/sbin
MAIL=/var/spool/mail/c.sacpjk
SLURM_WORKING_CLUSTER=hawk:wlm01:6821:9728:101
SLURM_CONF=/opt/slurm/22.05.8-1/etc/slurm.conf
SLURM_JOB_ID=57615932
SLURM_JOB_USER=c.sacpjk
PWD=/scratch/c.sacpjk/sjef-project/9137718608548614453
GROUP_HOME=/home/scwc0005/
_LMFILES_=/usr/share/Modules/modulefiles/null:/apps/modules/system/system/auto:/apps/modules/libraries/mkl/2020/4
LANG=en_US.UTF-8
MODULEPATH=/opt/slurm/modules/el7/:/apps/local/modules/projects:/apps/local/modules/genomics:/apps/local/modules/biology:/apps/local/modules/environment:/apps/local/modules/materials:/apps/local/modules/physics:/apps/local/modules/chemistry:/apps/local/modules/languages:/apps/local/modules/tools:/apps/modules/legacy:/apps/modules/compilers:/apps/modules/languages:/apps/modules/libraries:/apps/modules/system:/apps/modules/tools:/apps/modules/biology:/apps/modules/chemistry:/apps/modules/creative:/apps/modules/environment:/apps/modules/financial:/apps/modules/genomics:/apps/modules/machine-learning:/apps/modules/materials:/apps/modules/medical:/apps/modules/physics:/usr/share/Modules/modulefiles:/etc/modulefiles
SLURM_JOB_UID=84945
LOADEDMODULES=null:system/auto:mkl/2020/4
SLURM_NODEID=0
SCWAPPDIR=/apps
SLURM_SUBMIT_DIR=/scratch/c.sacpjk/sjef-project/9137718608548614453
SELINUX_LEVEL_REQUESTED=
SCWCUDA=unknown
SLURM_TASK_PID=73514
SLURM_NPROCS=1
SCWGPU=unknown
SLURM_CPUS_ON_NODE=1
MKL_HOME=/apps/compilers/intel/2020.4/compilers_and_libraries/linux/mkl
SLURM_PROCID=0
ENVIRONMENT=BATCH
HISTCONTROL=ignoredups
SSH_ASKPASS=/usr/libexec/openssh/gnome-ssh-askpass
GROUP_SOFTWARE=/home/scwc0005//software
MKL_LP64_ILP64=lp64
SLURM_JOB_NODELIST=ccs1025
HOME=/home/c.sacpjk
SHLVL=4
SCWCPU=SKYLAKE
SCW_TPN_OVERRIDE=1
SLURM_LOCALID=0
SCWMPI=serial
SLURM_JOB_GID=9084945
SLURM_JOB_CPUS_PER_NODE=1
SLURM_CLUSTER_NAME=hawk
slurm_version=22.05.8-1
CFLAGS=-I/apps/compilers/intel/2020.4/compilers_and_libraries/linux/mkl/include -I/apps/compilers/intel/2020.4/compilers_and_libraries/linux/tbb/include -I/apps/compilers/intel/2020.4/compilers_and_libraries/linux/ipp/include
SLURM_GTIDS=0
SLURM_SUBMIT_HOST=cl1
osver=el7
SLURM_JOB_PARTITION=htc
LOGNAME=c.sacpjk
QTLIB=/usr/lib64/qt-3.3/lib
SLURM_JOB_ACCOUNT=scw1147
LC_CTYPE=en_GB.UTF-8
SSH_CONNECTION=51.6.160.252 62559 131.251.129.4 22
XDG_DATA_DIRS=/home/c.sacpjk/.local/share/flatpak/exports/share:/var/lib/flatpak/exports/share:/usr/local/share:/usr/share
SLURM_JOB_NUM_NODES=1
MODULESHOME=/usr/share/Modules
OMP_NUM_THREADS=1
LESSOPEN=||/usr/bin/lesspipe.sh %s
MKL=intel-2020
XDG_RUNTIME_DIR=/run/user/84945
INCLUDE=/apps/compilers/intel/2020.4/compilers_and_libraries/linux/ipp/include:/apps/compilers/intel/2020.4/compilers_and_libraries/linux/tbb/include:/apps/compilers/intel/2020.4/compilers_and_libraries/linux/mkl/include
SCWMODINIT=/apps/modules/module_init/initialise.tcl
SCWMODINITLOG=/apps/modules/module_init/logger.tcl
SCWOS=el7
SCWCPUSET=AVX512
FFLAGS=-I/apps/compilers/intel/2020.4/compilers_and_libraries/linux/mkl/include -I/apps/compilers/intel/2020.4/compilers_and_libraries/linux/tbb/include -I/apps/compilers/intel/2020.4/compilers_and_libraries/linux/ipp/include
BASH_FUNC_module()=() {  eval `/usr/bin/modulecmd sh $*`
}
_=/usr/bin/env
Filesystem                                Size  Used Avail Use% Mounted on
devtmpfs                                  189G     0  189G   0% /dev
tmpfs                                     189G  3.9G  185G   3% /dev/shm
tmpfs                                     189G  2.7M  189G   1% /run
tmpfs                                     189G     0  189G   0% /sys/fs/cgroup
/dev/mapper/system-root                    66G  6.6G   59G  10% /
/dev/sda1                                 477M  157M  292M  35% /boot
/dev/sda2                                 100M  4.0K  100M   1% /boot/efi
/dev/mapper/system-varlog                  10G  2.2G  7.9G  22% /var/log
wlm01:/opt/slurm                          127G   26G  102G  20% /opt/slurm
172.2.1.51@o2ib:172.2.1.52@o2ib:/scratch  1.2P  949T  205T  83% /scratch
chnfs-ib:/nfshome/store06/apps             70T   61T  5.4T  92% /apps
chnfs-ib:/nfshome/store02                  71T   18T   50T  26% /nfshome/store02
chnfs-ib:/homelinks/home                  4.8G  474M  4.1G  11% /home
chnfs-ib:/nfshome/store01                  71T   21T   48T  30% /nfshome/store01
chnfs-ib:/nfshome/store03                  71T   21T   47T  31% /nfshome/store03
chnfs-ib:/nfshome/store04                  71T   25T   43T  37% /nfshome/store04
       385386 M total memory
        84063 M used memory
        87031 M active memory
        24818 M inactive memory
       256817 M free memory
            0 M buffer memory
        44505 M swap cache
         4095 M total swap
            3 M used swap
         4092 M free swap
  27684467142 non-nice user cpu ticks
        88396 nice user cpu ticks
    899770530 system cpu ticks
  11423587481 idle cpu ticks
      2498954 IO-wait cpu ticks
      2622746 IRQ cpu ticks
      2236863 softirq cpu ticks
            0 stolen cpu ticks
    108763730 pages paged in
    197726512 pages paged out
      1292740 pages swapped in
      5090855 pages swapped out
    152375919 interrupts
    228642247 CPU context switches
   1676373624 boot time
     48821391 forks
40
ccs1025
