
 Working directory              : /tmp/peterk/molpro.vH8Vuu8o23/
 Global scratch directory       : /tmp/peterk/molpro.vH8Vuu8o23/
 Wavefunction directory         : /home/peterk/wfu/
 Main file repository           : /tmp/peterk/molpro.vH8Vuu8o23/

 id        : peterk

 Nodes     nprocs
 marat        1
 GA implementation: MPI file
 GA implementation (serial work in mppx): MPI file

 Using customized tuning parameters: mindgm=1; mindgv=20; mindgc=4; mindgr=1; noblas=0; minvec=7
 default implementation of scratch files=df  


 Variables initialized (1032), CPU time= 0.00 sec
 
 symmetry,nosym
 
 
 geometry={
            5
     C          0.00000000      0.00000000     -0.14991697
     CL         0.00000000      0.00000000      1.63280180
     H         -0.51399780     -0.89027030     -0.49429494
     H         -0.51399780      0.89027030     -0.49429494
     H          1.02799560      0.00000000     -0.49429494
 }
 basis=cc-pVQZ
 
 
 
 hf; mp2
 
 
 
 {put,xml;noorbitals,nobasis}
 Commands initialized (841), CPU time= 0.00 sec, 708 directives.
 Default parameters read. Elapsed time= 0.05 sec

 Checking input...
 Passed
1


                                         ***  PROGRAM SYSTEM MOLPRO  ***
                                       Copyright, TTI GmbH Stuttgart, 2015
                                    Version 2023.1 linked Sat Jun 10 08:01:27 2023


 **********************************************************************************************************************************
 LABEL *                                                                                                                                                                 
  (16 PROC) 64 bit serial version                                                        DATE: 10-Jun-23          TIME: 14:32:59  
 **********************************************************************************************************************************

 SHA1:             8376d659ba1296ca7ee514c57770fe2c96af278c
 **********************************************************************************************************************************

 Memory per process:      1074 MW
 Total memory per node:   1074 MW

 GA preallocation disabled
 GA check disabled

 Variable memory set to 1073.7 MW

 ZSYMEL=NOSYM


 Geometry recognized as XYZ

 SETTING BASIS          =    CC-PVQZ


 Recomputing integrals since basis changed


 Using spherical harmonics

 Library entry C      S cc-pVQZ              selected for orbital group  1
 Library entry C      P cc-pVQZ              selected for orbital group  1
 Library entry C      D cc-pVQZ              selected for orbital group  1
 Library entry C      F cc-pVQZ              selected for orbital group  1
 Library entry C      G cc-pVQZ              selected for orbital group  1
 Library entry CL     S cc-pVQZ              selected for orbital group  2
 Library entry CL     P cc-pVQZ              selected for orbital group  2
 Library entry CL     D cc-pVQZ              selected for orbital group  2
 Library entry CL     F cc-pVQZ              selected for orbital group  2
 Library entry CL     G cc-pVQZ              selected for orbital group  2
 Library entry H      S cc-pVQZ              selected for orbital group  3
 Library entry H      P cc-pVQZ              selected for orbital group  3
 Library entry H      D cc-pVQZ              selected for orbital group  3
 Library entry H      F cc-pVQZ              selected for orbital group  3


 PROGRAM * SEWARD (Integral evaluation for generally contracted gaussian basis sets)     Author: Roland Lindh, 1990

 Geometry written to block  1 of record 700


 Point group  C1  



 ATOMIC COORDINATES

 NR  ATOM    CHARGE       X              Y              Z

   1  C       6.00    0.000000000    0.000000000   -0.283302015
   2  CL     17.00    0.000000000    0.000000000    3.085548218
   3  H       1.00   -0.971315071   -1.682367044   -0.934082061
   4  H       1.00   -0.971315071    1.682367044   -0.934082061
   5  H       1.00    1.942630141    0.000000000   -0.934082061

 Bond lengths in Bohr (Angstrom)

 1-2  3.368850233  1-3  2.048737784  1-4  2.048737784  1-5  2.048737791
     ( 1.782718770)     ( 1.084145346)     ( 1.084145346)     ( 1.084145350)

 Bond angles

  2-1-3  108.52082168   2-1-4  108.52082168   2-1-5  108.52082162   3-1-4  110.40466842

  3-1-5  110.40466877   4-1-5  110.40466877

 NUCLEAR CHARGE:                   26
 NUMBER OF PRIMITIVE AOS:         296
 NUMBER OF SYMMETRY AOS:          251
 NUMBER OF CONTRACTIONS:          204   (  204A   )
 NUMBER OF INNER CORE ORBITALS:     1   (    1A   )
 NUMBER OF OUTER CORE ORBITALS:     5   (    5A   )
 NUMBER OF VALENCE ORBITALS:       11   (   11A   )


 NUCLEAR REPULSION ENERGY   51.37849152


 Eigenvalues of metric

         1 0.149E-03 0.190E-03 0.272E-03 0.272E-03 0.304E-03 0.396E-03 0.396E-03 0.431E-03


 Contracted 2-electron integrals neglected if value below      1.0D-11
 AO integral compression algorithm  1   Integral accuracy      1.0D-11

     822.608 MB (compressed) written to integral file ( 41.0%)


 NUMBER OF SORTED TWO-ELECTRON INTEGRALS:  218624505.     BUFFER LENGTH:  32768
 NUMBER OF SEGMENTS:  14  SEGMENT LENGTH:   15999503      RECORD LENGTH: 524288

 Memory used in sort:      16.56 MW

 SORT1 READ   250717468. AND WROTE   178943106. INTEGRALS IN    519 RECORDS. CPU TIME:     6.72 SEC, REAL TIME:    36.34 SEC
 SORT2 READ   178943106. AND WROTE   218624505. INTEGRALS IN   3138 RECORDS. CPU TIME:     3.97 SEC, REAL TIME:    13.40 SEC

 FILE SIZES:   FILE 1:   854.2 MBYTE,  FILE 4:  2176.9 MBYTE,   TOTAL:   3031.1 MBYTE

 OPERATOR DM      FOR CENTER  0  COORDINATES:    0.000000    0.000000    0.000000


 **********************************************************************************************************************************
 DATASETS  * FILE   NREC   LENGTH (MB)   RECORD NAMES
              1      19      732.68       500      610      700      900      950      970     1000      129      960     1100   
                                          VAR    BASINP    GEOM    SYMINP    ZMAT    AOBASIS   BASIS     P2S    ABASIS      S 
                                         1400     1410     1200     1210     1080     1600     1650     1300     1700   
                                           T        V       H0       H01     AOSYM     SMH    MOLCAS    ERIS     OPER   

 PROGRAMS   *        TOTAL       INT
 CPU TIMES  *        18.20     18.10
 REAL TIME  *        59.10 SEC
 DISK USED  *         2.82 GB
 **********************************************************************************************************************************


 Program * Restricted Hartree-Fock

 Orbital guess generated from atomic densities. Full valence occupancy:   17

 Initial occupancy:  13

 NELEC=   26   SYM=1   MS2= 0   THRE=1.0D-08   THRD=3.2D-06   THRG=3.2D-06  HFMA2=F  DIIS_START=2   DIIS_MAX=10   DIIS_INCORE=F

 Level shifts:    0.00 (CLOSED)    0.00 (OPEN)    0.30 (GAP_MIN)

 ITER           ETOT              DE          GRAD        DDIFF     DIIS  NEXP   TIME(IT)  TIME(TOT)  DIAG
   1     -499.13618759    -499.13618759     0.00D+00     0.49D-01     0     0       1.15      2.21    start
   2     -499.15218837      -0.01600078     0.23D-02     0.25D-02     1     0       1.16      3.37    diag
   3     -499.15425533      -0.00206697     0.87D-03     0.93D-03     2     0       1.14      4.51    diag
   4     -499.15462382      -0.00036848     0.31D-03     0.31D-03     3     0       1.09      5.60    diag
   5     -499.15464052      -0.00001671     0.52D-04     0.73D-04     4     0       1.10      6.70    diag
   6     -499.15464152      -0.00000100     0.13D-04     0.19D-04     5     0       1.09      7.79    diag
   7     -499.15464161      -0.00000009     0.36D-05     0.57D-05     6     0       1.12      8.91    diag
   8     -499.15464162      -0.00000001     0.88D-06     0.21D-05     7     0       1.13     10.04    fixocc
   9     -499.15464162      -0.00000000     0.15D-06     0.28D-06     0     0       1.16     11.20    diag

 Final occupancy:  13

 !RHF STATE 1.1 Energy               -499.154641621082
  RHF One-electron energy            -790.262993944329
  RHF Two-electron energy             239.729860802330
  RHF Kinetic energy                  499.123591243751
  RHF Nuclear energy                   51.378491520917
  RHF Virial quotient                  -1.000062209797

 !RHF STATE 1.1 Dipole moment          -0.00000000     0.00000000    -0.83750587
 Dipole moment /Debye                  -0.00000001     0.00000000    -2.12872760

 Orbital energies:

           1.1          2.1          3.1          4.1          5.1          6.1          7.1          8.1          9.1         10.1
   -104.823486   -11.288674   -10.549048    -8.016170    -8.014446    -8.014446    -1.127239    -0.915317    -0.618254    -0.618254

          11.1         12.1         13.1         14.1         15.1
     -0.545527    -0.435383    -0.435383     0.108294     0.163121


 HOMO     13.1    -0.435383 =     -11.8474eV
 LUMO     14.1     0.108294 =       2.9468eV
 LUMO-HOMO         0.543677 =      14.7942eV

 Orbitals saved in record  2100.2


 **********************************************************************************************************************************
 DATASETS  * FILE   NREC   LENGTH (MB)   RECORD NAMES
              1      19      732.68       500      610      700      900      950      970     1000      129      960     1100   
                                          VAR    BASINP    GEOM    SYMINP    ZMAT    AOBASIS   BASIS     P2S    ABASIS      S 
                                         1400     1410     1200     1210     1080     1600     1650     1300     1700   
                                           T        V       H0       H01     AOSYM     SMH    MOLCAS    ERIS     OPER   

              2       4        1.11       700     1000      520     2100   
                                         GEOM     BASIS   MCVARS     RHF  

 PROGRAMS   *        TOTAL    HF-SCF       INT
 CPU TIMES  *        29.40     11.21     18.10
 REAL TIME  *        71.19 SEC
 DISK USED  *         2.82 GB
 **********************************************************************************************************************************


 PROGRAM * MP2 (Closed-shell)     Authors: C. Hampel, H.-J. Werner, 1991, M. Deegan, P.J. Knowles, 1992


 Convergence thresholds:  THRVAR = 1.00D-08  THRDEN = 1.00D-06

 Number of core orbitals:           6 (   6 )
 Number of closed-shell orbitals:   7 (   7 )
 Number of external orbitals:     191 ( 191 )

 Molecular orbitals read from record     2100.2  Type=RHF/CANONICAL  

 Number of N-1 electron functions:               7
 Number of N-2 electron functions:              28
 Number of singly external CSFs:              1337
 Number of doubly external CSFs:            894453
 Total number of CSFs:                      895791

 Length of J-op  integral file:               0.00 MB
 Length of K-op  integral file:               2.92 MB

 Integral transformation finished. Total CPU:   1.99 sec, npass=  1  Memory used:   2.86 MW

 Memory needed for MP2:                      0.20 MW

 SCS-MP2 correlation energy:           -0.408018100677   (PS=  1.200000  PT=  0.333333)
 SCS-MP2 total energy:               -499.562659721759


  Reference energy                   -499.154641621082
  MP2 singlet pair energy              -0.271765953123
  MP2 triplet pair energy              -0.131623323636
  MP2 correlation energy               -0.403389276759

 !MP2 total energy                   -499.558030897842


 **********************************************************************************************************************************
 DATASETS  * FILE   NREC   LENGTH (MB)   RECORD NAMES
              1      20      746.68       500      610      700      900      950      970     1000      129      960     1100   
                                          VAR    BASINP    GEOM    SYMINP    ZMAT    AOBASIS   BASIS     P2S    ABASIS      S 
                                         1400     1410     1200     1210     1080     1600     1650     1300     1700     1380   
                                           T        V       H0       H01     AOSYM     SMH    MOLCAS    ERIS     OPER     JKOP   

              2       4        1.11       700     1000      520     2100   
                                         GEOM     BASIS   MCVARS     RHF  

 PROGRAMS   *        TOTAL       MP2    HF-SCF       INT
 CPU TIMES  *        31.48      2.07     11.21     18.10
 REAL TIME  *        73.85 SEC
 DISK USED  *         2.82 GB
 **********************************************************************************************************************************

 Dump information in style XML to xml output                                                                      

 Orbitals will not be exported.

 **********************************************************************************************************************************

 MP2/cc-pVQZ energy=   -499.558030897842

             MP2          HF-SCF
   -499.55803090   -499.15464162
 **********************************************************************************************************************************
 Molpro calculation terminated
