
 Working directory              : /var/folders/2v/xbgp75_9785319ghcgb4zr4r0000gp/T//molpro.tbHZThenka/
 Global scratch directory       : /var/folders/2v/xbgp75_9785319ghcgb4zr4r0000gp/T//molpro.tbHZThenka/
 Wavefunction directory         : /Users/sacpjk/wfu/
 Main file repository           : /var/folders/2v/xbgp75_9785319ghcgb4zr4r0000gp/T//molpro.tbHZThenka/

 id        : peterk

 Nodes                        nprocs
 Cardiff-University-G34YLXT77Y    1
 GA implementation: MPI file
 GA implementation (serial work in mppx): MPI file

 Using customized tuning parameters: mindgm=1; mindgv=20; mindgc=4; mindgr=1; noblas=0; minvec=7
 default implementation of scratch files=df  


 Variables initialized (1032), CPU time= 0.00 sec
 
 symmetry,nosym
 
 
 geometry={
            7
     F          2.13770264      0.08258780     -0.00019942
     C          0.37794222      0.10635278      0.00019758
     H          0.32799218      1.17531485     -0.01182043
     H          0.32424814     -0.43224626     -0.92301475
     H          0.32457115     -0.41169619      0.93505886
     O         -1.60571838      0.19903310     -0.00018942
     H         -1.88673796     -0.71934608     -0.00003242
 }
 basis=cc-pVDZ
 
 charge=-1
 
 hf; hf; papt; mp3
 
 
 
 {put,xml;noorbitals,nobasis}
 Commands initialized (841), CPU time= 0.01 sec, 704 directives.
 Default parameters read. Elapsed time= 0.32 sec

 Checking input...
 Passed
1


                                         ***  PROGRAM SYSTEM MOLPRO  ***
                                       Copyright, TTI GmbH Stuttgart, 2015
                                    Version 2023.1 linked Tue Jun  6 09:54:11 2023


 **********************************************************************************************************************************
 LABEL *                                                                                                                                                                 
  64 bit serial version                                                                  DATE: 09-Jun-23          TIME: 15:36:54  
 **********************************************************************************************************************************

 SHA1:             8ebb0dd001088a5c915591db1a321413035db0b1
 **********************************************************************************************************************************

 Memory per process:       805 MW
 Total memory per node:   1074 MW
 Total GA space:           268 MW

 GA preallocation disabled
 GA check enabled

 Variable memory set to 805.3 MW

 ZSYMEL=NOSYM


 Geometry recognized as XYZ

 SETTING BASIS          =    CC-PVDZ
 SETTING CHARGE         =        -1.00000000                                  


 Recomputing integrals since basis changed


 Using spherical harmonics

 Library entry F      S cc-pVDZ              selected for orbital group  1
 Library entry F      P cc-pVDZ              selected for orbital group  1
 Library entry F      D cc-pVDZ              selected for orbital group  1
 Library entry C      S cc-pVDZ              selected for orbital group  2
 Library entry C      P cc-pVDZ              selected for orbital group  2
 Library entry C      D cc-pVDZ              selected for orbital group  2
 Library entry H      S cc-pVDZ              selected for orbital group  3
 Library entry H      P cc-pVDZ              selected for orbital group  3
 Library entry O      S cc-pVDZ              selected for orbital group  4
 Library entry O      P cc-pVDZ              selected for orbital group  4
 Library entry O      D cc-pVDZ              selected for orbital group  4


 PROGRAM * SEWARD (Integral evaluation for generally contracted gaussian basis sets)     Author: Roland Lindh, 1990

 Geometry written to block  1 of record 700


 Point group  C1  



 ATOMIC COORDINATES

 NR  ATOM    CHARGE       X              Y              Z

   1  F       9.00    4.039672525    0.156068323   -0.000376849
   2  C       6.00    0.714207287    0.200977627    0.000373372
   3  H       1.00    0.619815391    2.221023177   -0.022337375
   4  H       1.00    0.612740181   -0.816827050   -1.744245086
   5  H       1.00    0.613350581   -0.777993046    1.767005156
   6  O       8.00   -3.034367971    0.376118049   -0.000357952
   7  H       1.00   -3.565418013   -1.359367080   -0.000061265

 Bond lengths in Bohr (Angstrom)

 1-2  3.325768552  2-3  2.022377223  2-4  2.022353950  2-5  2.022261979  2-6  3.752664543
     ( 1.759920927)     ( 1.070195938)     ( 1.070183623)     ( 1.070134954)     ( 1.985824556)

 6-7  1.814916766
     ( 0.960412592)

 Bond angles

  1-2-3   93.44869885   1-2-4   92.47466509   1-2-5   92.49480240   1-2-6  178.09854057

  2-6-7  104.33883428   3-2-4  119.38447735   3-2-5  119.40772142   3-2-6   84.64984361

  4-2-5  120.49624797   4-2-6   88.46441585   5-2-6   88.44965287

 NUCLEAR CHARGE:                   27
 NUMBER OF PRIMITIVE AOS:         109
 NUMBER OF SYMMETRY AOS:          106
 NUMBER OF CONTRACTIONS:           62   (   62A   )
 NUMBER OF INNER CORE ORBITALS:     0   (    0A   )
 NUMBER OF OUTER CORE ORBITALS:     3   (    3A   )
 NUMBER OF VALENCE ORBITALS:       16   (   16A   )


 NUCLEAR REPULSION ENERGY   69.00549297


 Eigenvalues of metric

         1 0.948E-02 0.196E-01 0.300E-01 0.334E-01 0.341E-01 0.392E-01 0.476E-01 0.491E-01


 Contracted 2-electron integrals neglected if value below      1.0D-11
 AO integral compression algorithm  1   Integral accuracy      1.0D-11

     8.389 MB (compressed) written to integral file ( 47.9%)


 NUMBER OF SORTED TWO-ELECTRON INTEGRALS:    1908081.     BUFFER LENGTH:  32768
 NUMBER OF SEGMENTS:   1  SEGMENT LENGTH:    1908081      RECORD LENGTH: 524288

 Memory used in sort:       2.47 MW

 SORT1 READ     2171883. AND WROTE     1726299. INTEGRALS IN      5 RECORDS. CPU TIME:     0.01 SEC, REAL TIME:     0.02 SEC
 SORT2 READ     1726299. AND WROTE     1908081. INTEGRALS IN     32 RECORDS. CPU TIME:     0.04 SEC, REAL TIME:     0.04 SEC

 FILE SIZES:   FILE 1:    38.6 MBYTE,  FILE 4:    21.0 MBYTE,   TOTAL:     59.7 MBYTE

 OPERATOR DM      FOR CENTER  0  COORDINATES:    0.000000    0.000000    0.000000


 **********************************************************************************************************************************
 DATASETS  * FILE   NREC   LENGTH (MB)   RECORD NAMES
              1      19       35.40       500      610      700      900      950      970     1000      129      960     1100   
                                          VAR    BASINP    GEOM    SYMINP    ZMAT    AOBASIS   BASIS     P2S    ABASIS      S 
                                         1400     1410     1200     1210     1080     1600     1650     1300     1700   
                                           T        V       H0       H01     AOSYM     SMH    MOLCAS    ERIS     OPER   

 PROGRAMS   *        TOTAL       INT
 CPU TIMES  *         0.33      0.24
 REAL TIME  *         1.90 SEC
 DISK USED  *        57.32 MB
 **********************************************************************************************************************************


 Program * Restricted Hartree-Fock

 Orbital guess generated from atomic densities. Full valence occupancy:   19

 Initial occupancy:  14

 NELEC=   28   SYM=1   MS2= 0   THRE=1.0D-08   THRD=3.2D-06   THRG=3.2D-06  HFMA2=F  DIIS_START=2   DIIS_MAX=10   DIIS_INCORE=F

 Level shifts:    0.00 (CLOSED)    0.00 (OPEN)    0.30 (GAP_MIN)

 ITER           ETOT              DE          GRAD        DDIFF     DIIS  NEXP   TIME(IT)  TIME(TOT)  DIAG
   1     -214.27564246    -214.27564246     0.00D+00     0.16D+00     0     0       0.01      0.02    start
   2     -214.34615089      -0.07050843     0.15D-01     0.31D-01     1     0       0.01      0.03    diag
   3     -214.38756113      -0.04141024     0.94D-02     0.12D-01     2     0       0.01      0.04    diag
   4     -214.38837268      -0.00081155     0.85D-03     0.23D-02     3     0       0.01      0.05    diag
   5     -214.38848810      -0.00011542     0.30D-03     0.64D-03     4     0       0.01      0.06    diag
   6     -214.38850770      -0.00001959     0.12D-03     0.25D-03     5     0       0.01      0.07    diag
   7     -214.38851125      -0.00000355     0.42D-04     0.14D-03     6     0       0.01      0.08    diag
   8     -214.38851146      -0.00000021     0.12D-04     0.36D-04     7     0       0.01      0.09    fixocc
   9     -214.38851147      -0.00000001     0.23D-05     0.78D-05     8     0       0.01      0.10    diag
  10     -214.38851147      -0.00000000     0.60D-06     0.20D-05     9     0       0.01      0.11    diag/orth
  11     -214.38851147      -0.00000000     0.14D-06     0.32D-06     0     0       0.01      0.12    diag

 Final occupancy:  14

 !RHF STATE 1.1 Energy               -214.388511467071
  RHF One-electron energy            -442.072068889035
  RHF Two-electron energy             158.678064449852
  RHF Kinetic energy                  214.436798867857
  RHF Nuclear energy                   69.005492972112
  RHF Virial quotient                  -0.999774817564

 !RHF STATE 1.1 Dipole moment          -0.34198018    -0.69608343     0.00060008
 Dipole moment /Debye                  -0.86922691    -1.76926761     0.00152525

 Orbital energies:

           1.1          2.1          3.1          4.1          5.1          6.1          7.1          8.1          9.1         10.1
    -25.919413   -20.212112   -11.105125    -1.194228    -0.961832    -0.714560    -0.413059    -0.412802    -0.316389    -0.282328

          11.1         12.1         13.1         14.1         15.1         16.1
     -0.271893    -0.262228    -0.157270    -0.134731     0.379292     0.432240


 HOMO     14.1    -0.134731 =      -3.6662eV
 LUMO     15.1     0.379292 =      10.3211eV
 LUMO-HOMO         0.514023 =      13.9873eV

 Orbitals saved in record  2100.2


 **********************************************************************************************************************************
 DATASETS  * FILE   NREC   LENGTH (MB)   RECORD NAMES
              1      19       35.40       500      610      700      900      950      970     1000      129      960     1100   
                                          VAR    BASINP    GEOM    SYMINP    ZMAT    AOBASIS   BASIS     P2S    ABASIS      S 
                                         1400     1410     1200     1210     1080     1600     1650     1300     1700   
                                           T        V       H0       H01     AOSYM     SMH    MOLCAS    ERIS     OPER   

              2       4        0.54       700     1000      520     2100   
                                         GEOM     BASIS   MCVARS     RHF  

 PROGRAMS   *        TOTAL    HF-SCF       INT
 CPU TIMES  *         0.45      0.12      0.24
 REAL TIME  *         2.21 SEC
 DISK USED  *        57.32 MB
 **********************************************************************************************************************************


 Program * Restricted Hartree-Fock

 Molecular orbitals read from record     2100.2  Type=RHF/CANONICAL  

 Initial occupancy:  14

 NELEC=   28   SYM=1   MS2= 0   THRE=1.0D-08   THRD=3.2D-06   THRG=3.2D-06  HFMA2=F  DIIS_START=2   DIIS_MAX=10   DIIS_INCORE=F

 Level shifts:    0.00 (CLOSED)    0.00 (OPEN)    0.30 (GAP_MIN)

 ITER           ETOT              DE          GRAD        DDIFF     DIIS  NEXP   TIME(IT)  TIME(TOT)  DIAG
   1     -214.38851147    -214.38851147     0.00D+00     0.16D+00     0     0       0.01      0.01    start
   2     -214.38851147      -0.00000000     0.70D-07     0.16D-06     1     0       0.01      0.02    diag

 Final occupancy:  14

 !RHF STATE 1.1 Energy               -214.388511467081
  RHF One-electron energy            -442.072067428656
  RHF Two-electron energy             158.678062989463
  RHF Kinetic energy                  214.436798206102
  RHF Nuclear energy                   69.005492972112
  RHF Virial quotient                  -0.999774820649

 !RHF STATE 1.1 Dipole moment          -0.34197434    -0.69608503     0.00060008
 Dipole moment /Debye                  -0.86921208    -1.76927168     0.00152525

 Orbital energies:

           1.1          2.1          3.1          4.1          5.1          6.1          7.1          8.1          9.1         10.1
    -25.919412   -20.212113   -11.105125    -1.194228    -0.961832    -0.714560    -0.413059    -0.412802    -0.316389    -0.282328

          11.1         12.1         13.1         14.1         15.1         16.1
     -0.271893    -0.262228    -0.157270    -0.134731     0.379292     0.432240


 HOMO     14.1    -0.134731 =      -3.6662eV
 LUMO     15.1     0.379292 =      10.3211eV
 LUMO-HOMO         0.514023 =      13.9873eV

 Orbitals saved in record  2101.2


 **********************************************************************************************************************************
 DATASETS  * FILE   NREC   LENGTH (MB)   RECORD NAMES
              1      19       35.40       500      610      700      900      950      970     1000      129      960     1100   
                                          VAR    BASINP    GEOM    SYMINP    ZMAT    AOBASIS   BASIS     P2S    ABASIS      S 
                                         1400     1410     1200     1210     1080     1600     1650     1300     1700   
                                           T        V       H0       H01     AOSYM     SMH    MOLCAS    ERIS     OPER   

              2       5        0.74       700     1000      520     2100     2101   
                                         GEOM     BASIS   MCVARS     RHF      RHF  

 PROGRAMS   *        TOTAL    HF-SCF    HF-SCF       INT
 CPU TIMES  *         0.48      0.01      0.12      0.24
 REAL TIME  *         2.32 SEC
 DISK USED  *        57.32 MB
 **********************************************************************************************************************************


 PROGRAM * PAPT (Closed-shell)     Authors: C. Hampel, H.-J. Werner, 1991, P.J. Knowles, 2021


 Convergence thresholds:  THRVAR = 1.00D-08  THRDEN = 1.00D-06

 Number of core orbitals:           3 (   3 )
 Number of closed-shell orbitals:  11 (  11 )
 Number of external orbitals:      48 (  48 )

 Molecular orbitals read from record     2101.2  Type=RHF/CANONICAL  

 Number of N-1 electron functions:              11
 Number of N-2 electron functions:              66
 Number of singly external CSFs:               528
 Number of doubly external CSFs:            139656
 Total number of CSFs:                      140185

 Length of J-op  integral file:               0.00 MB
 Length of K-op  integral file:               0.33 MB

 Integral transformation finished. Total CPU:   0.02 sec, npass=  1  Memory used:   0.55 MW

 Reference energy:                   -214.38851147

                        CORR.ENERGY   TOTAL ENERGY   ENERGY CHANGE
 MP2:                   -0.54324444  -214.93175591    -0.54324444

 SCS-MP2 correlation energy:           -0.53400606   (PS=  1.200000  PT=  0.333333)
 SCS-MP2 total energy:               -214.92251752
 Iteration:   1     0.3019D+00
 Iteration:   2     0.6014D+00
 Iteration:   3     0.2776D+00
 Iteration:   4     0.1405D+00
 Iteration:   5     0.2563D+01
 Iteration:   6     0.1034D+00
 Iteration:   7     0.2735D+00
 Iteration:   8     0.5425D-01
 Iteration:   9     0.7382D-01
 Iteration:  10     0.3395D-01
 Iteration:  11     0.2095D-01
 Iteration:  12     0.4395D-01
 Iteration:  13     0.1138D-01
 Iteration:  14     0.1044D+00
 Iteration:  15     0.7680D-02
 Iteration:  16     0.1001D-01
 Iteration:  17     0.4098D-02
 Iteration:  18     0.1482D-02
 Iteration:  19     0.1336D-01
 Iteration:  20     0.5703D-03
 Iteration:  21     0.6529D-03
 Iteration:  22     0.2855D-03
 Iteration:  23     0.2295D-03
 Iteration:  24     0.1651D-03
 Iteration:  25     0.4325D-04
 PAPT operator written to  7000.1
 PAPT orbitals and eigenvalues written to  7000.2

 MP3(D):                -0.55714591  -214.94565738    -0.01390147



 RESULTS
 =======

  Reference energy                   -214.388511467081
  MP3 singlet pair energy              -0.371056061594
  MP3 triplet pair energy              -0.186089851181
  MP3 correlation energy               -0.557145912775

 !MP3 total energy                   -214.945657379856

 Timing summary (sec):

 STEP                 CPU(USER)    SYS     CPU(TOT)    WALL
 Transformation          0.02      0.01      0.03      0.06
 CCSD iterations         1.12      0.05      1.17      1.76

 Program statistics:

 Available memory in ccsd:               805305870
 Min. memory needed in ccsd:                431957
 Max. memory used in ccsd:                  542265
 Max. memory used in cckext:                579355 ( 1 integral passes)



 **********************************************************************************************************************************
 DATASETS  * FILE   NREC   LENGTH (MB)   RECORD NAMES
              1      21       38.39       500      610      700      900      950      970     1000      129      960     1100   
                                          VAR    BASINP    GEOM    SYMINP    ZMAT    AOBASIS   BASIS     P2S    ABASIS      S 
                                         1400     1410     1200     1210     1080     1600     1650     1300     1700     1380   
                                           T        V       H0       H01     AOSYM     SMH    MOLCAS    ERIS     OPER     JKOP   
                                         7000   
                                        PAPT AO    

              2       6        0.93       700     1000      520     2100     2101     7000   
                                         GEOM     BASIS   MCVARS     RHF      RHF     PAPT   

 PROGRAMS   *        TOTAL      PAPT    HF-SCF    HF-SCF       INT
 CPU TIMES  *         1.06      0.56      0.01      0.12      0.24
 REAL TIME  *         4.22 SEC
 DISK USED  *        57.32 MB
 **********************************************************************************************************************************


 PROGRAM * MP3 (Closed-shell)     Authors: C. Hampel, H.-J. Werner, 1991, M. Deegan, P.J. Knowles, 1992


 Convergence thresholds:  THRVAR = 1.00D-08  THRDEN = 1.00D-06

 Number of core orbitals:           3 (   3 )
 Number of closed-shell orbitals:  11 (  11 )
 Number of external orbitals:      48 (  48 )

 Molecular orbitals read from record     7000.2  Type=PAPT/CANONICAL (state 1.1)

 Number of N-1 electron functions:              11
 Number of N-2 electron functions:              66
 Number of singly external CSFs:               528
 Number of doubly external CSFs:            139656
 Total number of CSFs:                      140185

 Length of J-op  integral file:               0.00 MB
 Length of K-op  integral file:               0.33 MB

 Integral transformation finished. Total CPU:   0.02 sec, npass=  1  Memory used:   0.55 MW
 Orbital energies read from record       7000.2  Type=PAPT/CANONICAL (state 1.1)

 Reference energy:                   -214.38851147

                        CORR.ENERGY   TOTAL ENERGY   ENERGY CHANGE
 MP2:                   -0.56275951  -214.95127098    -0.56275951

 SCS-MP2 correlation energy:           -0.55601873   (PS=  1.200000  PT=  0.333333)
 SCS-MP2 total energy:               -214.94453019

 MP3(D):                -0.56293253  -214.95144399    -0.00017301



 RESULTS
 =======

  Reference energy                   -214.388511467081
  MP3 singlet pair energy              -0.375932517417
  MP3 triplet pair energy              -0.187000008191
  MP3 correlation energy               -0.562932525608

 !MP3 total energy                   -214.951443992689

 Timing summary (sec):

 STEP                 CPU(USER)    SYS     CPU(TOT)    WALL
 Transformation          0.04      0.01      0.05      0.08
 CCSD iterations         1.26      0.00      1.26      0.18

 Program statistics:

 Available memory in ccsd:               805305870
 Min. memory needed in ccsd:                431957
 Max. memory used in ccsd:                  542265
 Max. memory used in cckext:                579355 ( 1 integral passes)



 **********************************************************************************************************************************
 DATASETS  * FILE   NREC   LENGTH (MB)   RECORD NAMES
              1      21       38.39       500      610      700      900      950      970     1000      129      960     1100   
                                          VAR    BASINP    GEOM    SYMINP    ZMAT    AOBASIS   BASIS     P2S    ABASIS      S 
                                         1400     1410     1200     1210     1080     1600     1650     1300     1700     1380   
                                           T        V       H0       H01     AOSYM     SMH    MOLCAS    ERIS     OPER     JKOP   
                                         7000   
                                        PAPT AO    

              2       6        0.93       700     1000      520     2100     2101     7000   
                                         GEOM     BASIS   MCVARS     RHF      RHF     PAPT   

 PROGRAMS   *        TOTAL       MP3      PAPT    HF-SCF    HF-SCF       INT
 CPU TIMES  *         1.22      0.17      0.56      0.01      0.12      0.24
 REAL TIME  *         4.56 SEC
 DISK USED  *        57.32 MB
 **********************************************************************************************************************************

 Dump information in style XML to xml output                                                                      

 Orbitals will not be exported.

 **********************************************************************************************************************************

 MP3/cc-pVDZ energy=   -214.951443992689

             MP3            PAPT          HF-SCF          HF-SCF
   -214.95144399   -214.94565738   -214.38851147   -214.38851147
 **********************************************************************************************************************************
 Molpro calculation terminated
